2018-05-21 23:41:26,582        INFO       Port is open, server is waiting for the remote steam.
2018-05-21 23:41:37,013        WARNING    Failed to listen on port.[Errno 53] Software caused connection abort
2018-05-21 23:41:37,013        INFO       Shutdown
2018-05-21 23:41:37,013        WARNING    Failed to listen on port.[Errno 9] Bad file descriptor
2018-05-21 23:41:37,014        WARNING    Failed to listen on port.[Errno 9] Bad file descriptor
2018-05-21 23:41:37,014        WARNING    Failed to listen on port.[Errno 9] Bad file descriptor
2018-05-21 23:42:23,712        INFO       Port is open, server is waiting for the remote steam.
2018-05-21 23:43:57,193        WARNING    Failed to listen on port.[Errno 53] Software caused connection abort
2018-05-21 23:43:57,193        INFO       Shutdown
2018-05-21 23:43:57,194        WARNING    Failed to listen on port.[Errno 9] Bad file descriptor
2018-05-21 23:43:59,783        INFO       Port is open, server is waiting for the remote steam.
2018-05-21 23:44:06,700        INFO       New stream comes: 192.168.42.142:38450
2018-05-21 23:44:06,701        WARNING    Failed to listen on port.'socket' object has no attribute 'read'
2018-05-21 23:47:23,543        WARNING    Failed to listen on port.[Errno 53] Software caused connection abort
2018-05-21 23:47:23,544        WARNING    Failed to listen on port.[Errno 9] Bad file descriptor
2018-05-21 23:47:23,544        INFO       Shutdown
2018-05-21 23:47:23,544        WARNING    Failed to listen on port.[Errno 9] Bad file descriptor
2018-05-21 23:47:23,544        WARNING    Failed to listen on port.[Errno 9] Bad file descriptor
2018-05-21 23:47:23,544        WARNING    Failed to listen on port.[Errno 9] Bad file descriptor
2018-05-21 23:47:23,544        WARNING    Failed to listen on port.[Errno 9] Bad file descriptor
2018-05-21 23:47:23,545        WARNING    Failed to listen on port.[Errno 9] Bad file descriptor
2018-05-21 23:47:25,135        INFO       Port is open, server is waiting for the remote steam.
2018-05-21 23:47:26,818        INFO       New stream comes: 192.168.42.142:38452
2018-05-21 23:47:26,819        WARNING    Failed to listen on port.'socket' object has no attribute 'read'
2018-05-21 23:47:38,094        WARNING    Failed to listen on port.[Errno 53] Software caused connection abort
2018-05-21 23:47:38,094        INFO       Shutdown
2018-05-21 23:47:38,094        WARNING    Failed to listen on port.[Errno 9] Bad file descriptor
2018-05-21 23:48:03,717        INFO       Port is open, server is waiting for the remote steam.
2018-05-21 23:48:05,400        INFO       New stream comes: 192.168.42.142:38470
2018-05-21 23:48:05,400        WARNING    Failed to listen on port.'socket' object has no attribute 'read'
2018-05-21 23:48:09,696        WARNING    Failed to listen on port.[Errno 53] Software caused connection abort
2018-05-21 23:48:09,696        WARNING    Failed to listen on port.[Errno 9] Bad file descriptor
2018-05-21 23:48:09,696        INFO       Shutdown
2018-05-21 23:48:09,697        WARNING    Failed to listen on port.[Errno 9] Bad file descriptor
2018-05-21 23:48:21,154        INFO       Port is open, server is waiting for the remote steam.
2018-05-21 23:48:23,099        INFO       New stream comes: 192.168.42.142:38478
2018-05-21 23:48:23,099        WARNING    Failed to listen on port.'socket' object has no attribute 'read'
2018-05-21 23:48:55,342        WARNING    Failed to listen on port.[Errno 53] Software caused connection abort
2018-05-21 23:48:55,342        INFO       Shutdown
2018-05-21 23:48:55,342        WARNING    Failed to listen on port.[Errno 9] Bad file descriptor
2018-05-21 23:48:56,549        INFO       Port is open, server is waiting for the remote steam.
2018-05-21 23:48:59,084        INFO       New stream comes: 192.168.42.142:38480
2018-05-21 23:48:59,085        WARNING    Failed to listen on port.'socket' object has no attribute 'read'
2018-05-21 23:49:39,565        WARNING    Failed to listen on port.[Errno 53] Software caused connection abort
2018-05-21 23:49:39,565        INFO       Shutdown
2018-05-21 23:49:39,565        WARNING    Failed to listen on port.[Errno 9] Bad file descriptor
2018-05-21 23:49:39,566        WARNING    Failed to listen on port.[Errno 9] Bad file descriptor
2018-05-21 23:49:39,566        WARNING    Failed to listen on port.[Errno 9] Bad file descriptor
2018-05-21 23:49:40,696        INFO       Port is open, server is waiting for the remote steam.
2018-05-21 23:49:42,820        INFO       New stream comes: 192.168.42.142:38482
2018-05-21 23:49:46,025        WARNING    Failed to listen on port.a bytes-like object is required, not 'str'
2018-05-21 23:50:17,737        WARNING    Failed to listen on port.[Errno 53] Software caused connection abort
2018-05-21 23:50:17,738        INFO       Shutdown
2018-05-21 23:50:17,738        WARNING    Failed to listen on port.[Errno 9] Bad file descriptor
2018-05-21 23:50:17,738        WARNING    Failed to listen on port.[Errno 9] Bad file descriptor
2018-05-21 23:50:17,738        WARNING    Failed to listen on port.[Errno 9] Bad file descriptor
2018-05-21 23:50:17,739        WARNING    Failed to listen on port.[Errno 9] Bad file descriptor
2018-05-21 23:50:17,739        WARNING    Failed to listen on port.[Errno 9] Bad file descriptor
2018-05-21 23:50:17,739        WARNING    Failed to listen on port.[Errno 9] Bad file descriptor
2018-05-21 23:50:17,739        WARNING    Failed to listen on port.[Errno 9] Bad file descriptor
2018-05-21 23:50:18,972        INFO       Port is open, server is waiting for the remote steam.
2018-05-21 23:50:21,039        INFO       New stream comes: 192.168.42.142:38484
2018-05-21 23:50:24,332        WARNING    Failed to listen on port.a bytes-like object is required, not 'str'
2018-05-21 23:50:26,184        WARNING    Failed to listen on port.[Errno 53] Software caused connection abort
2018-05-21 23:50:26,185        INFO       Shutdown
2018-05-21 23:50:26,185        WARNING    Failed to listen on port.[Errno 9] Bad file descriptor
2018-05-21 23:50:26,185        WARNING    Failed to listen on port.[Errno 9] Bad file descriptor
2018-05-21 23:50:26,185        WARNING    Failed to listen on port.[Errno 9] Bad file descriptor
2018-05-21 23:50:26,186        WARNING    Failed to listen on port.[Errno 9] Bad file descriptor
2018-05-21 23:51:08,224        INFO       Port is open, server is waiting for the remote steam.
2018-05-21 23:51:09,547        INFO       New stream comes: 192.168.42.142:38512
2018-05-21 23:51:12,768        WARNING    Failed to listen on port.a bytes-like object is required, not 'str'
2018-05-21 23:51:12,768        INFO       The stream from  is initialized.
2018-05-21 23:51:38,322        WARNING    Failed to listen on port.[Errno 53] Software caused connection abort
2018-05-21 23:51:38,322        INFO       Shutdown
2018-05-21 23:51:38,323        WARNING    Failed to listen on port.[Errno 9] Bad file descriptor
2018-05-21 23:51:39,687        INFO       Port is open, server is waiting for the remote steam.
2018-05-21 23:51:41,509        INFO       New stream comes: 192.168.42.142:38514
2018-05-21 23:51:44,820        WARNING    Failed to listen on port.a bytes-like object is required, not 'str'
2018-05-21 23:51:44,820        INFO       The stream from  is initialized.
2018-05-21 23:52:44,630        WARNING    Failed to listen on port.[Errno 53] Software caused connection abort
2018-05-21 23:52:44,630        INFO       Shutdown
2018-05-21 23:52:44,630        WARNING    Failed to listen on port.[Errno 9] Bad file descriptor
2018-05-21 23:52:45,784        INFO       Port is open, server is waiting for the remote steam.
2018-05-21 23:52:47,993        INFO       New stream comes: 192.168.42.142:38516
2018-05-21 23:52:51,376        WARNING    Failed to listen on port.group argument must be None for now
2018-05-21 23:52:51,376        INFO       The stream from b'neo_living_room_security_cam\x00\x00\x00\x00\x00\x00\x00\x00\x00\x00\x00\x00\x00\x00\x00\x00\x00\x00\x00\x00\x00\x00' is initialized.
2018-05-21 23:53:21,186        WARNING    Failed to listen on port.[Errno 53] Software caused connection abort
2018-05-21 23:53:21,186        WARNING    Failed to listen on port.[Errno 9] Bad file descriptor
2018-05-21 23:53:21,186        INFO       Shutdown
2018-05-21 23:53:21,187        WARNING    Failed to listen on port.[Errno 9] Bad file descriptor
2018-05-21 23:53:21,187        WARNING    Failed to listen on port.[Errno 9] Bad file descriptor
2018-05-21 23:53:21,187        WARNING    Failed to listen on port.[Errno 9] Bad file descriptor
2018-05-21 23:53:22,342        INFO       Port is open, server is waiting for the remote steam.
2018-05-21 23:53:24,463        INFO       New stream comes: 192.168.42.142:38518
2018-05-21 23:53:27,651        WARNING    Failed to listen on port.a bytes-like object is required, not 'str'
2018-05-21 23:53:27,651        INFO       The stream from  is initialized.
2018-05-21 23:53:35,305        WARNING    Failed to listen on port.[Errno 53] Software caused connection abort
2018-05-21 23:53:35,305        INFO       Shutdown
2018-05-21 23:53:35,305        WARNING    Failed to listen on port.[Errno 9] Bad file descriptor
2018-05-21 23:53:35,306        WARNING    Failed to listen on port.[Errno 9] Bad file descriptor
2018-05-21 23:53:35,306        WARNING    Failed to listen on port.[Errno 9] Bad file descriptor
2018-05-21 23:53:35,306        WARNING    Failed to listen on port.[Errno 9] Bad file descriptor
2018-05-21 23:53:35,307        WARNING    Failed to listen on port.[Errno 9] Bad file descriptor
2018-05-21 23:53:36,793        INFO       Port is open, server is waiting for the remote steam.
2018-05-21 23:53:38,486        INFO       New stream comes: 192.168.42.142:38520
2018-05-21 23:53:41,658        WARNING    Failed to listen on port.group argument must be None for now
2018-05-21 23:53:41,659        INFO       The stream from b'neo_living_room_security_cam\x00\x00\x00\x00\x00\x00\x00\x00\x00\x00\x00\x00\x00\x00\x00\x00\x00\x00\x00\x00\x00\x00' is initialized.
2018-05-21 23:54:15,546        WARNING    Failed to listen on port.[Errno 53] Software caused connection abort
2018-05-21 23:54:15,546        INFO       Shutdown
2018-05-21 23:54:15,555        WARNING    Failed to listen on port.[Errno 9] Bad file descriptor
2018-05-21 23:54:15,555        WARNING    Failed to listen on port.[Errno 9] Bad file descriptor
2018-05-21 23:54:15,556        WARNING    Failed to listen on port.[Errno 9] Bad file descriptor
2018-05-21 23:54:49,798        INFO       Port is open, server is waiting for the remote steam.
2018-05-21 23:54:52,830        INFO       New stream comes: 192.168.42.142:38544
2018-05-21 23:54:56,305        WARNING    Failed to listen on port.group argument must be None for now
2018-05-21 23:54:56,305        INFO       The stream from b'neo_living_room_security_cam\x00\x00\x00\x00\x00\x00\x00\x00\x00\x00\x00\x00\x00\x00\x00\x00\x00\x00\x00\x00\x00\x00' is initialized.
2018-05-21 23:55:21,254        WARNING    Failed to listen on port.[Errno 53] Software caused connection abort
2018-05-21 23:55:21,254        INFO       Shutdown
2018-05-21 23:55:21,254        WARNING    Failed to listen on port.[Errno 9] Bad file descriptor
2018-05-21 23:55:21,254        WARNING    Failed to listen on port.[Errno 9] Bad file descriptor
2018-05-21 23:55:21,255        WARNING    Failed to listen on port.[Errno 9] Bad file descriptor
2018-05-21 23:55:22,596        INFO       Port is open, server is waiting for the remote steam.
2018-05-21 23:55:24,548        INFO       New stream comes: 192.168.42.142:38546
2018-05-21 23:55:27,738        INFO       The stream from b'neo_living_room_security_cam\x00\x00\x00\x00\x00\x00\x00\x00\x00\x00\x00\x00\x00\x00\x00\x00\x00\x00\x00\x00\x00\x00' is initialized.
2018-05-21 23:56:12,567        WARNING    Failed to listen on port.[Errno 53] Software caused connection abort
2018-05-21 23:56:12,567        INFO       Shutdown
2018-05-21 23:56:12,568        WARNING    Failed to listen on port.[Errno 9] Bad file descriptor
2018-05-21 23:56:13,983        INFO       Port is open, server is waiting for the remote steam.
2018-05-21 23:56:15,761        INFO       New stream comes: 192.168.42.142:38548
2018-05-21 23:56:18,927        INFO       The stream from b'neo_living_room_security_cam\x00\x00\x00\x00\x00\x00\x00\x00\x00\x00\x00\x00\x00\x00\x00\x00\x00\x00\x00\x00\x00\x00' is initialized.
2018-05-21 23:56:31,311        WARNING    Failed to listen on port.[Errno 53] Software caused connection abort
2018-05-21 23:56:31,311        INFO       Shutdown
2018-05-21 23:56:31,311        WARNING    Failed to listen on port.[Errno 9] Bad file descriptor
2018-05-21 23:56:31,312        WARNING    Failed to listen on port.[Errno 9] Bad file descriptor
2018-05-21 23:57:35,501        INFO       Port is open, server is waiting for the remote steam.
2018-05-21 23:57:37,390        INFO       New stream comes: 192.168.42.142:38590
2018-05-21 23:57:40,653        INFO       The stream from b'neo_living_room_security_cam\x00\x00\x00\x00\x00\x00\x00\x00\x00\x00\x00\x00\x00\x00\x00\x00\x00\x00\x00\x00\x00\x00' is initialized.
2018-05-21 23:59:09,691        WARNING    Failed to listen on port.[Errno 53] Software caused connection abort
2018-05-21 23:59:09,691        INFO       Shutdown
2018-05-21 23:59:09,692        WARNING    Failed to listen on port.[Errno 9] Bad file descriptor
2018-05-21 23:59:09,692        WARNING    Failed to listen on port.[Errno 9] Bad file descriptor
2018-05-21 23:59:09,692        WARNING    Failed to listen on port.[Errno 9] Bad file descriptor
2018-05-21 23:59:10,762        INFO       Port is open, server is waiting for the remote steam.
2018-05-21 23:59:12,885        INFO       New stream comes: 192.168.42.142:38592
2018-05-21 23:59:16,053        INFO       The stream from b'neo_living_room_security_cam\x00\x00\x00\x00\x00\x00\x00\x00\x00\x00\x00\x00\x00\x00\x00\x00\x00\x00\x00\x00\x00\x00' is initialized.
2018-05-22 00:00:26,742        WARNING    Failed to listen on port.[Errno 53] Software caused connection abort
2018-05-22 00:00:26,742        INFO       Shutdown
2018-05-22 00:00:26,743        WARNING    Failed to listen on port.[Errno 9] Bad file descriptor
2018-05-22 00:00:27,753        INFO       Port is open, server is waiting for the remote steam.
2018-05-22 00:00:30,455        INFO       New stream comes: 192.168.42.142:38594
2018-05-22 00:00:33,644        INFO       The stream from b'neo_living_room_security_cam\x00\x00\x00\x00\x00\x00\x00\x00\x00\x00\x00\x00\x00\x00\x00\x00\x00\x00\x00\x00\x00\x00' is initialized.
2018-05-22 00:01:14,520        WARNING    Failed to listen on port.[Errno 53] Software caused connection abort
2018-05-22 00:01:14,520        INFO       Shutdown
2018-05-22 00:01:14,520        WARNING    Failed to listen on port.[Errno 9] Bad file descriptor
2018-05-22 00:01:14,521        WARNING    Failed to listen on port.[Errno 9] Bad file descriptor
2018-05-22 00:01:14,521        WARNING    Failed to listen on port.[Errno 9] Bad file descriptor
2018-05-22 00:01:14,521        WARNING    Failed to listen on port.[Errno 9] Bad file descriptor
2018-05-22 00:01:16,379        INFO       Port is open, server is waiting for the remote steam.
2018-05-22 00:01:17,676        INFO       New stream comes: 192.168.42.142:38596
2018-05-22 00:01:20,898        INFO       The stream from b'neo_living_room_security_cam\x00\x00\x00\x00\x00\x00\x00\x00\x00\x00\x00\x00\x00\x00\x00\x00\x00\x00\x00\x00\x00\x00' is initialized.
2018-05-22 00:01:37,485        WARNING    Failed to listen on port.[Errno 53] Software caused connection abort
2018-05-22 00:01:37,485        INFO       Shutdown
2018-05-22 00:01:37,485        WARNING    Failed to listen on port.[Errno 9] Bad file descriptor
2018-05-22 00:01:51,830        INFO       Port is open, server is waiting for the remote steam.
2018-05-22 00:01:53,963        INFO       New stream comes: 192.168.42.142:38606
2018-05-22 00:01:57,368        INFO       The stream from b'neo_living_room_security_cam\x00\x00\x00\x00\x00\x00\x00\x00\x00\x00\x00\x00\x00\x00\x00\x00\x00\x00\x00\x00\x00\x00' is initialized.
2018-05-22 00:02:13,990        WARNING    Failed to listen on port.[Errno 53] Software caused connection abort
2018-05-22 00:02:13,991        INFO       Shutdown
2018-05-22 00:02:13,991        WARNING    Failed to listen on port.[Errno 9] Bad file descriptor
2018-05-22 00:02:15,214        INFO       Port is open, server is waiting for the remote steam.
2018-05-22 00:02:17,176        INFO       New stream comes: 192.168.42.142:38608
2018-05-22 00:02:20,477        INFO       The stream from b'neo_living_room_security_cam\x00\x00\x00\x00\x00\x00\x00\x00\x00\x00\x00\x00\x00\x00\x00\x00\x00\x00\x00\x00\x00\x00' is initialized.
2018-05-22 00:02:20,794        INFO       Output image to file: ./storage/b'neo_living_room_security_cam\x00\x00\x00\x00\x00\x00\x00\x00\x00\x00\x00\x00\x00\x00\x00\x00\x00\x00\x00\x00\x00\x00'/18_05_22_03_02_20.jpg
2018-05-22 00:02:51,248        INFO       Output image to file: ./storage/b'neo_living_room_security_cam\x00\x00\x00\x00\x00\x00\x00\x00\x00\x00\x00\x00\x00\x00\x00\x00\x00\x00\x00\x00\x00\x00'/18_05_22_03_02_51.jpg
2018-05-22 00:03:01,483        WARNING    Failed to listen on port.[Errno 53] Software caused connection abort
2018-05-22 00:03:01,483        INFO       Shutdown
2018-05-22 00:03:01,483        WARNING    Failed to listen on port.[Errno 9] Bad file descriptor
2018-05-22 00:04:55,850        INFO       Port is open, server is waiting for the remote steam.
2018-05-22 00:04:57,368        INFO       New stream comes: 192.168.42.142:38684
2018-05-22 00:05:00,598        INFO       The stream from b'neo_living_room_security_cam\x00\x00\x00\x00\x00\x00\x00\x00\x00\x00\x00\x00\x00\x00\x00\x00\x00\x00\x00\x00\x00\x00' is initialized.
2018-05-22 00:05:00,773        INFO       Output image to file: ./storage/b'neo_living_room_security_cam\x00\x00\x00\x00\x00\x00\x00\x00\x00\x00\x00\x00\x00\x00\x00\x00\x00\x00\x00\x00\x00\x00'/18_05_22_03_05_00.jpg
2018-05-22 00:05:06,553        WARNING    Failed to listen on port.[Errno 53] Software caused connection abort
2018-05-22 00:05:06,553        INFO       Shutdown
2018-05-22 00:05:06,553        WARNING    Failed to listen on port.[Errno 9] Bad file descriptor
2018-05-22 00:05:06,553        WARNING    Failed to listen on port.[Errno 9] Bad file descriptor
2018-05-22 00:05:06,554        WARNING    Failed to listen on port.[Errno 9] Bad file descriptor
2018-05-22 00:05:06,554        WARNING    Failed to listen on port.[Errno 9] Bad file descriptor
2018-05-22 00:07:13,200        INFO       Port is open, server is waiting for the remote steam.
2018-05-22 00:07:15,638        INFO       New stream comes: 192.168.42.142:38766
2018-05-22 00:07:18,840        INFO       The stream from neo_living_room_security_cam is initialized.
2018-05-22 00:07:19,227        INFO       Output image to file: ./storage/neo_living_room_security_cam/18_05_22_03_07_19.jpg
2018-05-22 00:07:24,232        WARNING    Failed to listen on port.[Errno 53] Software caused connection abort
2018-05-22 00:07:24,232        INFO       Shutdown
2018-05-22 00:07:24,232        WARNING    Failed to listen on port.[Errno 9] Bad file descriptor
2018-05-22 00:09:03,610        INFO       Port is open, server is waiting for the remote steam.
2018-05-22 00:09:06,350        INFO       New stream comes: 192.168.42.142:38832
2018-05-22 00:09:09,546        INFO       The stream from neo_living_room_security_cam is initialized.
2018-05-22 00:09:42,814        WARNING    Failed to listen on port.[Errno 53] Software caused connection abort
2018-05-22 00:09:42,815        INFO       Shutdown
2018-05-22 00:09:42,815        WARNING    Failed to listen on port.[Errno 9] Bad file descriptor
2018-05-22 00:09:42,815        WARNING    Failed to listen on port.[Errno 9] Bad file descriptor
2018-05-22 00:09:42,815        WARNING    Failed to listen on port.[Errno 9] Bad file descriptor
2018-05-22 00:09:42,816        WARNING    Failed to listen on port.[Errno 9] Bad file descriptor
2018-05-22 00:09:42,816        WARNING    Failed to listen on port.[Errno 9] Bad file descriptor
2018-05-22 00:09:42,816        WARNING    Failed to listen on port.[Errno 9] Bad file descriptor
2018-05-22 00:09:46,705        INFO       Port is open, server is waiting for the remote steam.
2018-05-22 00:09:48,076        INFO       New stream comes: 192.168.42.142:38834
2018-05-22 00:09:51,258        INFO       The stream from neo_living_room_security_cam is initialized.
2018-05-22 00:09:51,488        INFO       Output image to file: ./storage/neo_living_room_security_cam/18_05_22_03_09_51.jpg
2018-05-22 00:10:21,609        INFO       Output image to file: ./storage/neo_living_room_security_cam/18_05_22_03_10_21.jpg
2018-05-22 00:10:45,807        INFO       Shutdown
2018-05-22 00:10:45,808        WARNING    Failed to listen on port.[Errno 53] Software caused connection abort
2018-05-22 00:10:45,808        WARNING    Failed to listen on port.[Errno 9] Bad file descriptor
2018-05-22 00:10:45,808        WARNING    Failed to listen on port.[Errno 9] Bad file descriptor
2018-05-22 00:10:45,808        WARNING    Failed to listen on port.[Errno 9] Bad file descriptor
2018-05-22 00:12:11,044        INFO       Port is open, server is waiting for the remote steam.
2018-05-22 00:12:11,315        INFO       New stream comes: 192.168.42.142:38886
2018-05-22 00:12:14,527        INFO       The stream from neo_living_room_security_cam is initialized.
2018-05-22 00:12:14,674        INFO       Output image to file: ./storage/neo_living_room_security_cam/18_05_22_03_12_14.jpg
2018-05-22 00:12:44,907        INFO       Output image to file: ./storage/neo_living_room_security_cam/18_05_22_03_12_44.jpg
2018-05-22 00:13:01,544        INFO       Shutdown
2018-05-22 00:13:01,545        WARNING    Failed to listen on port.[Errno 53] Software caused connection abort
2018-05-22 00:13:01,545        WARNING    Failed to listen on port.[Errno 9] Bad file descriptor
2018-05-22 00:13:01,546        WARNING    Failed to listen on port.[Errno 9] Bad file descriptor
2018-05-22 00:13:01,546        WARNING    Failed to listen on port.[Errno 9] Bad file descriptor
2018-05-22 00:13:01,546        WARNING    Failed to listen on port.[Errno 9] Bad file descriptor
2018-05-22 00:13:02,796        INFO       Port is open, server is waiting for the remote steam.
2018-05-22 00:13:05,040        INFO       New stream comes: 192.168.42.142:38888
2018-05-22 00:13:08,258        INFO       The stream from neo_living_room_security_cam is initialized.
2018-05-22 00:13:08,433        INFO       Output image to file: ./storage/neo_living_room_security_cam/18_05_22_03_13_08.jpg
2018-05-22 00:13:38,679        INFO       Output image to file: ./storage/neo_living_room_security_cam/18_05_22_03_13_38.jpg
2018-05-22 00:13:45,633        WARNING    Failed to listen on port.[Errno 53] Software caused connection abort
2018-05-22 00:13:45,633        INFO       Shutdown
2018-05-22 00:13:45,641        WARNING    Failed to listen on port.[Errno 9] Bad file descriptor
2018-05-22 00:13:45,642        WARNING    Failed to listen on port.[Errno 9] Bad file descriptor
2018-05-22 00:13:45,642        WARNING    Failed to listen on port.[Errno 9] Bad file descriptor
